{"D:\\Aldi\\DIBIMBING batch 5\\day-39\\assignment-day-39\\server\\handlers\\math.js": {"path":"D:\\Aldi\\DIBIMBING batch 5\\day-39\\assignment-day-39\\server\\handlers\\math.js","statementMap":{"0":{"start":{"line":1,"column":18},"end":{"line":1,"column":60}},"1":{"start":{"line":3,"column":16},"end":{"line":18,"column":1}},"2":{"start":{"line":4,"column":4},"end":{"line":17,"column":5}},"3":{"start":{"line":5,"column":23},"end":{"line":5,"column":48}},"4":{"start":{"line":6,"column":8},"end":{"line":9,"column":11}},"5":{"start":{"line":11,"column":8},"end":{"line":14,"column":11}},"6":{"start":{"line":16,"column":8},"end":{"line":16,"column":18}},"7":{"start":{"line":20,"column":17},"end":{"line":36,"column":1}},"8":{"start":{"line":21,"column":18},"end":{"line":21,"column":26}},"9":{"start":{"line":22,"column":4},"end":{"line":35,"column":5}},"10":{"start":{"line":23,"column":23},"end":{"line":23,"column":50}},"11":{"start":{"line":24,"column":8},"end":{"line":27,"column":11}},"12":{"start":{"line":29,"column":8},"end":{"line":32,"column":11}},"13":{"start":{"line":34,"column":8},"end":{"line":34,"column":18}},"14":{"start":{"line":39,"column":0},"end":{"line":42,"column":2}}},"fnMap":{"0":{"name":"(anonymous_0)","decl":{"start":{"line":3,"column":16},"end":{"line":3,"column":17}},"loc":{"start":{"line":3,"column":36},"end":{"line":18,"column":1}},"line":3},"1":{"name":"(anonymous_1)","decl":{"start":{"line":20,"column":17},"end":{"line":20,"column":18}},"loc":{"start":{"line":20,"column":37},"end":{"line":36,"column":1}},"line":20}},"branchMap":{},"s":{"0":4,"1":4,"2":2,"3":2,"4":2,"5":0,"6":2,"7":4,"8":6,"9":6,"10":6,"11":6,"12":0,"13":6,"14":4},"f":{"0":2,"1":6},"b":{},"_coverageSchema":"1a1c01bbd47fc00a2c39e90264f33305004495a9","hash":"12a1df35a1db42895bfaff11c523d1d00f75a47f"}
,"D:\\Aldi\\DIBIMBING batch 5\\day-39\\assignment-day-39\\storage\\models\\math.model.js": {"path":"D:\\Aldi\\DIBIMBING batch 5\\day-39\\assignment-day-39\\storage\\models\\math.model.js","statementMap":{"0":{"start":{"line":2,"column":16},"end":{"line":2,"column":35}},"1":{"start":{"line":3,"column":19},"end":{"line":3,"column":77}},"2":{"start":{"line":4,"column":4},"end":{"line":4,"column":89}},"3":{"start":{"line":8,"column":17},"end":{"line":8,"column":50}},"4":{"start":{"line":9,"column":4},"end":{"line":9,"column":34}},"5":{"start":{"line":12,"column":0},"end":{"line":15,"column":2}}},"fnMap":{"0":{"name":"weekend","decl":{"start":{"line":1,"column":9},"end":{"line":1,"column":16}},"loc":{"start":{"line":1,"column":19},"end":{"line":5,"column":1}},"line":1},"1":{"name":"leapYear","decl":{"start":{"line":7,"column":9},"end":{"line":7,"column":17}},"loc":{"start":{"line":7,"column":21},"end":{"line":10,"column":1}},"line":7}},"branchMap":{"0":{"loc":{"start":{"line":4,"column":11},"end":{"line":4,"column":89}},"type":"cond-expr","locations":[{"start":{"line":4,"column":73},"end":{"line":4,"column":79}},{"start":{"line":4,"column":82},"end":{"line":4,"column":89}}],"line":4},"1":{"loc":{"start":{"line":4,"column":11},"end":{"line":4,"column":70}},"type":"binary-expr","locations":[{"start":{"line":4,"column":11},"end":{"line":4,"column":39}},{"start":{"line":4,"column":43},"end":{"line":4,"column":70}}],"line":4},"2":{"loc":{"start":{"line":9,"column":11},"end":{"line":9,"column":34}},"type":"cond-expr","locations":[{"start":{"line":9,"column":18},"end":{"line":9,"column":24}},{"start":{"line":9,"column":27},"end":{"line":9,"column":34}}],"line":9}},"s":{"0":2,"1":2,"2":2,"3":5,"4":5,"5":2},"f":{"0":2,"1":5},"b":{"0":[0,2],"1":[2,2],"2":[2,3]},"_coverageSchema":"1a1c01bbd47fc00a2c39e90264f33305004495a9","hash":"429e1f31eb95a3df337a5d60d0b3914300649f13"}
}
