TN:
SF:server\handlers\math.js
FN:3,(anonymous_0)
FN:20,(anonymous_1)
FNF:2
FNH:2
FNDA:2,(anonymous_0)
FNDA:6,(anonymous_1)
DA:1,4
DA:3,4
DA:4,2
DA:5,2
DA:6,2
DA:11,0
DA:16,2
DA:20,4
DA:21,6
DA:22,6
DA:23,6
DA:24,6
DA:29,0
DA:34,6
DA:39,4
LF:15
LH:13
BRF:0
BRH:0
end_of_record
TN:
SF:storage\models\math.model.js
FN:1,weekend
FN:7,leapYear
FNF:2
FNH:2
FNDA:2,weekend
FNDA:5,leapYear
DA:2,2
DA:3,2
DA:4,2
DA:8,5
DA:9,5
DA:12,2
LF:6
LH:6
BRDA:4,0,0,0
BRDA:4,0,1,2
BRDA:4,1,0,2
BRDA:4,1,1,2
BRDA:9,2,0,2
BRDA:9,2,1,3
BRF:6
BRH:5
end_of_record
